<?xml version='1.0'?>
<ns2:test-suite xmlns:ns2='urn:model.allure.qatools.yandex.ru' start='1562076893811' stop='1562076913205'>
    <name>mmm-graphicswizard-gl-web-qa login popup</name>
    <title>mmm-graphicswizard-gl-web-qa login popup</title>
    <test-cases>
        <test-case start='1562076901560' status='passed' stop='1562076902510'>
            <name>should not allow to login without email</name>
            <title>should not allow to login without email</title>
            <labels>
                <label name='language' value='javascript'/>
                <label name='framework' value='wdio'/>
                <label name='thread' value='0-0'/>
            </labels>
            <parameters>
                <parameter kind='argument' name='browser' value='chrome'/>
            </parameters>
            <steps/>
            <attachments/>
        </test-case>
        <test-case start='1562076902510' status='failed' stop='1562076902874'>
            <name>should not allow to login with invalid credentials</name>
            <title>should not allow to login with invalid credentials</title>
            <labels>
                <label name='language' value='javascript'/>
                <label name='framework' value='wdio'/>
                <label name='thread' value='0-0'/>
            </labels>
            <parameters>
                <parameter kind='argument' name='browser' value='chrome'/>
            </parameters>
            <steps/>
            <attachments/>
            <failure>
                <message>expected 'Error\nThe EmailAddress field is required.' to equal 'Error\nUsername or Password is incorrect. Please check your sign-in credentials.'</message>
                <stack-trace>AssertionError: expected 'Error\nThe EmailAddress field is required.' to equal 'Error\nUsername or Password is incorrect. Please check your sign-in credentials.'
                    at Context.&lt;anonymous> (D:/wdio/test/specs/user-login.spec.js:38:28)
                    at Promise (D:\wdio\node_modules\@wdio\sync\build\index.js:57:22)
                    at Context.executeSync (D:\wdio\node_modules\@wdio\sync\build\index.js:55:10)
                    at D:\wdio\node_modules\@wdio\sync\build\index.js:201:70</stack-trace>
            </failure>
        </test-case>
        <test-case start='1562076902875' status='broken' stop='1562076913202'>
            <name>should allow user to login with valid credentials </name>
            <title>should allow user to login with valid credentials </title>
            <labels>
                <label name='language' value='javascript'/>
                <label name='framework' value='wdio'/>
                <label name='thread' value='0-0'/>
            </labels>
            <parameters>
                <parameter kind='argument' name='browser' value='chrome'/>
            </parameters>
            <steps/>
            <attachments/>
            <failure>
                <message>waitUntil condition failed with the following reason: Cannot read property 'isExisting' of undefined</message>
                <stack-trace>Error: waitUntil condition failed with the following reason: Cannot read property 'isExisting' of undefined
                    at timer.catch.e (D:\wdio\node_modules\webdriverio\build\commands\browser\waitUntil.js:76:11)
                    at Browser.runCommand (D:\wdio\node_modules\@wdio\sync\build\wrapCommand.js:31:24)
                    at Browser.&lt;anonymous> (D:\wdio\node_modules\@wdio\sync\build\wrapCommand.js:53:31)
                    at Context.&lt;anonymous> (D:/wdio/test/specs/user-login.spec.js:46:13)
                    at Promise (D:\wdio\node_modules\@wdio\sync\build\index.js:57:22)
                    at Context.executeSync (D:\wdio\node_modules\@wdio\sync\build\index.js:55:10)
                    at D:\wdio\node_modules\@wdio\sync\build\index.js:201:70</stack-trace>
            </failure>
        </test-case>
    </test-cases>
</ns2:test-suite>