<?xml version='1.0'?>
<ns2:test-suite xmlns:ns2='urn:model.allure.qatools.yandex.ru' start='1561993795925' stop='1561993823446'>
    <name>mmm-graphicswizard-gl-web-qa login popup</name>
    <title>mmm-graphicswizard-gl-web-qa login popup</title>
    <test-cases>
        <test-case start='1561993821960' status='failed' stop='1561993823226'>
            <name>should not allow to login with invalid credentials</name>
            <title>should not allow to login with invalid credentials</title>
            <labels>
                <label name='language' value='javascript'/>
                <label name='framework' value='wdio'/>
                <label name='thread' value='0-0'/>
            </labels>
            <parameters>
                <parameter kind='argument' name='browser' value='chrome'/>
            </parameters>
            <steps/>
            <attachments/>
            <failure>
                <message>expected 'Error\nUsername or Password is incorrect. Please check your sign-in credentials.' to equal 'Username or Password is incorrect. Please check your sign-in credentials.'</message>
                <stack-trace>AssertionError: expected 'Error\nUsername or Password is incorrect. Please check your sign-in credentials.' to equal 'Username or Password is incorrect. Please check your sign-in credentials.'
                    at Context.&lt;anonymous> (D:/wdio/test/specs/user-login.spec.js:25:26)
                    at Promise (D:\wdio\node_modules\@wdio\sync\build\index.js:57:22)
                    at Context.executeSync (D:\wdio\node_modules\@wdio\sync\build\index.js:55:10)
                    at D:\wdio\node_modules\@wdio\sync\build\index.js:201:70</stack-trace>
            </failure>
        </test-case>
        <test-case start='1561993823226' status='broken' stop='1561993823445'>
            <name>should allow user to login </name>
            <title>should allow user to login </title>
            <labels>
                <label name='language' value='javascript'/>
                <label name='framework' value='wdio'/>
                <label name='thread' value='0-0'/>
            </labels>
            <parameters>
                <parameter kind='argument' name='browser' value='chrome'/>
            </parameters>
            <steps/>
            <attachments/>
            <failure>
                <message>unknown error: Element &lt;input class="landing-login-btn" type="button" value="LOGIN"> is not clickable at point (949, 31). Other element would receive the click: &lt;ngb-modal-window role="dialog" tabindex="-1" class="modal fade show d-block landing-login-popup-window">...&lt;/ngb-modal-window>
                  (Session info: chrome=75.0.3770.100)
                  (Driver info: chromedriver=2.43.600210 (68dcf5eebde37173d4027fa8635e332711d2874a),platform=Windows NT 10.0.17134 x86_64)</message>
                <stack-trace>Error: unknown error: Element &lt;input class="landing-login-btn" type="button" value="LOGIN"> is not clickable at point (949, 31). Other element would receive the click: &lt;ngb-modal-window role="dialog" tabindex="-1" class="modal fade show d-block landing-login-popup-window">...&lt;/ngb-modal-window>
                  (Session info: chrome=75.0.3770.100)
                  (Driver info: chromedriver=2.43.600210 (68dcf5eebde37173d4027fa8635e332711d2874a),platform=Windows NT 10.0.17134 x86_64)
                    at getErrorFromResponseBody (D:\wdio\node_modules\webdriver\build\utils.js:350:10)
                    at Request._callback (D:\wdio\node_modules\webdriver\build\request.js:121:64)
                    at Request.self.callback (D:\wdio\node_modules\request\request.js:185:22)
                    at Request.&lt;anonymous> (D:\wdio\node_modules\request\request.js:1161:10)
                    at IncomingMessage.&lt;anonymous> (D:\wdio\node_modules\request\request.js:1083:12)
                    at Element.runCommand (D:\wdio\node_modules\@wdio\sync\build\wrapCommand.js:31:24)
                    at Element.&lt;anonymous> (D:\wdio\node_modules\@wdio\sync\build\wrapCommand.js:53:31)
                    at Element.runCommand (D:\wdio\node_modules\@wdio\sync\build\wrapCommand.js:37:32)
                    at Element.fn (D:\wdio\node_modules\webdriverio\build\middlewares.js:27:57)
                    at Element.&lt;anonymous> (D:\wdio\node_modules\webdriverio\build\middlewares.js:50:8)
                    at Element.click (D:\wdio\node_modules\webdriverio\build\commands\element\click.js:52:15)
                    at LoginPage.login (D:/wdio/test/pageobjects/login.page.js:48:28)
                    at Context.&lt;anonymous> (D:/wdio/test/specs/user-login.spec.js:29:15)
                    at Promise (D:\wdio\node_modules\@wdio\sync\build\index.js:57:22)
                    at Context.executeSync (D:\wdio\node_modules\@wdio\sync\build\index.js:55:10)
                    at D:\wdio\node_modules\@wdio\sync\build\index.js:201:70</stack-trace>
            </failure>
        </test-case>
    </test-cases>
</ns2:test-suite>